WARNING: A restricted method in java.lang.System has been called
WARNING: java.lang.System::load has been called by net.rubygrapefruit.platform.internal.NativeLibraryLoader in an unnamed module (file:/Users/engineered/.gradle/wrapper/dists/gradle-8.10-bin/deqhafrv1ntovfmgh0nh3npr9/gradle-8.10/lib/native-platform-0.22-milestone-26.jar)
WARNING: Use --enable-native-access=ALL-UNNAMED to avoid a warning for callers in this module
WARNING: Restricted methods will be blocked in a future release unless native access is enabled

> Task :compileJava UP-TO-DATE
> Task :processResources NO-SOURCE
> Task :classes UP-TO-DATE
> Task :resolveMainClassName UP-TO-DATE

> Task :bootRun
Standard Commons Logging discovery in action with spring-jcl: please remove commons-logging.jar from classpath in order to avoid potential conflicts

  .   ____          _            __ _ _
 /\\ / ___'_ __ _ _(_)_ __  __ _ \ \ \ \
( ( )\___ | '_ | '_| | '_ \/ _` | \ \ \ \
 \\/  ___)| |_)| | | | | || (_| |  ) ) ) )
  '  |____| .__|_| |_|_| |_\__, | / / / /
 =========|_|==============|___/=/_/_/_/
 :: Spring Boot ::                (v3.2.2)

2026-06-07T13:32:06.730+05:30  INFO 8033 --- [           main] c.l.api.AgentApplication                 : Starting AgentApplication using Java 21.0.11 with PID 8033 (/Users/engineered/Github/LearningAIAgents/CourseraProject/ai-agents-java/backend/build/classes/java/main started by engineered in /Users/engineered/Github/LearningAIAgents/CourseraProject/ai-agents-java/backend)
2026-06-07T13:32:06.733+05:30  INFO 8033 --- [           main] c.l.api.AgentApplication                 : No active profile set, falling back to 1 default profile: "default"
2026-06-07T13:32:07.852+05:30  INFO 8033 --- [           main] o.s.b.w.embedded.tomcat.TomcatWebServer  : Tomcat initialized with port 8080 (http)
2026-06-07T13:32:07.868+05:30  INFO 8033 --- [           main] o.apache.catalina.core.StandardService   : Starting service [Tomcat]
2026-06-07T13:32:07.869+05:30  INFO 8033 --- [           main] o.apache.catalina.core.StandardEngine    : Starting Servlet engine: [Apache Tomcat/10.1.18]
2026-06-07T13:32:07.937+05:30  INFO 8033 --- [           main] o.a.c.c.C.[Tomcat].[localhost].[/]       : Initializing Spring embedded WebApplicationContext
2026-06-07T13:32:07.938+05:30  INFO 8033 --- [           main] w.s.c.ServletWebServerApplicationContext : Root WebApplicationContext: initialization completed in 1154 ms
Standard Commons Logging discovery in action with spring-jcl: please remove commons-logging.jar from classpath in order to avoid potential conflicts
2026-06-07T13:32:08.360+05:30  INFO 8033 --- [           main] o.s.b.w.embedded.tomcat.TomcatWebServer  : Tomcat started on port 8080 (http) with context path ''
2026-06-07T13:32:08.370+05:30  INFO 8033 --- [           main] c.l.api.AgentApplication                 : Started AgentApplication in 2.099 seconds (process running for 2.535)
2026-06-07T13:32:10.250+05:30  INFO 8033 --- [nio-8080-exec-1] o.a.c.c.C.[Tomcat].[localhost].[/]       : Initializing Spring DispatcherServlet 'dispatcherServlet'
2026-06-07T13:32:10.250+05:30  INFO 8033 --- [nio-8080-exec-1] o.s.web.servlet.DispatcherServlet        : Initializing Servlet 'dispatcherServlet'
2026-06-07T13:32:10.251+05:30  INFO 8033 --- [nio-8080-exec-1] o.s.web.servlet.DispatcherServlet        : Completed initialization in 1 ms
